880239
863852
641457
983819
258010
441088
668715
712088
577732
882101
109123
894466
647548
510245
708402
957069
419109
273576
53126
476497
697024
749438
940918
449286
11400
405870
169180
728467
611212
936098
780075
131900
301834
973620
799424
629887
626142
613587
224517
119599
459948
835841
946959
723786
670041
183801
741215
119982
834572
626188
874247
296062
941902
970001
976704
392159
839044
479761
668353
644700
544550
25194
477213
284820
50424
74184
455348
468903
504241
27132
226956
29431
329547
282075
945233
661830
479719
700959
695263
427783
449146
173684
964198
333533
167972
902927
608659
367174
754897
169996
709939
954585
628039
372153
355469
99281
951022
289324
536942
339609
789129
563101
6529
366731
358618
577371
142186
540196
782276
848765
71480
666160
588419
630993
426822
372467
557260
537295
905096
121350
332746
47803
909032
132059
277707
911198
679263
721085
347516
426759
947093
256936
598123
653018
572220
183771
919663
777300
484024
665558
788886
194282
148934
641193
486655
364575
839330
148510
974862
153757
86320
206701
74124
218061
649446
129239
497951
656813
480105
179611
300337
149076
889049
552434
676793
216674
777550
405390
380726
586177
395939
103602
203158
796044
296010
657457
992420
424170
795892
296171
10394
516258
666046
441246
29744
989955
287397
423200
747501
412823
791258
184565
642601
745308
850486
243705
59987
745364
802756
63838
881762
323246
919661
559472
716274
590810
213903
131172
834393
752977
60101
811698
463558
239981
264864
649818
830602
499218
258228
179156
81075
231719
485373
128184
128355
459205
518446
492891
461317
30558
893141
858234
444013
517719
567312
274816
447618
293607
784470
79887
965992
750998
692889
285121
996011
219779
228665
102147
38989
610611
574979
948381
933286
772132
178039
805131
311775
110839
808271
642608
621517
591472
121148
150085
734081
18685
551724
448874
682547
864077
315670
91259
992132
706394
771180
292222
948924
906647
422450
695999
965796
81629
891645
719366
837344
768653
646743
222446
898687
737007
442253
755137
204234
510098
558358
882110
588851
879425
989763
181357
393829
906114
329384
509743
933029
85858
190771
858141
793131
330393
241047
717765
24640
100441
198753
475694
78232
498671
361749
287346
94169
696282
767800
813937
457158
63997
435700
100614
784268
95540
332401
839693
543053
758081
867045
55534
562505
864454
221677
768427
928112
970307
473965
961376
212455
601239
533824
153297
271865
802221
104351
756569
314233
474371
338459
932931
778952
853974
228667
990182
657059
502909
216743
653945
329679
542419
724175
629592
616693
426771
734066
801431
734889
376495
813092
894432
690930
895375
191348
981856
669496
466757
993788
720048
17915
189255
645976
776199
958588
847721
660133
123330
106202
497181
406928
76896
118716
899505
225900
19027
41119
897360
143745
802631
462380
303885
410940
576821
433916
58931
376009
875406
560007
502275
406806
503034
45716
977829
510125
117005
180973
858405
431812
989426
48151
394715
157895
203030
845073
752514
240849
136984
840021
232003
354214
3994
585982
538566
161606
509103
677723
994131
571144
55371
677194
20971
564326
673090
35271
829255
477481
822875
177758
370651
74827
263388
599039
274387
948336
991729
765716
761006
263208
970602
249038
345282
703794
161394
958403
568066
73113
193184
218935
941161
764339
136923
513496
913359
141412
812127
358707
802865
152706
814192
236301
783608
224969
949742
721885
687571
74701
996466
407909
552683
465568
314476
322376
387266
685597
826259
759175
879172
741782
783021
763790
746075
595417
646293
253020
215562
158480
676366
323943
58064
312950
486631
726108
492286
815061
378454
669154
830389
700915
296121
229328
998966
466262
660095
589448
874150
708120
40618
170466
321067
381838
32758
734545
451700
938011
664228
608994
758870
268395
966689
314628
392475
627652
709273
810333
317184
552626
815328
518275
265315
931988
219537
836214
131847
355269
700330
52509
967760
874176
198328
923990
428914
295688
468675
414068
690674
805306
420467
333502
719412
879532
879668
359667
653232
100014
960726
929110
780761
23337
414455
562637
315314
108187
117227
405015
444506
806361
710798
799534
51166
925626
298582
683028
390038
220098
61293
144593
307007
682973
687018
306381
106706
772014
724771
687330
290904
931469
235205
53960
601513
57550
12759
253126
428526
779997
476477
272466
551903
21023
103765
886284
402949
424901
332726
431578
883124
275363
335162
281164
61171
292211
593610
727051
153864
217654
621051
306119
750982
669958
828587
19401
876048
918180
226585
133751
796313
848371
93403
775805
117558
600236
43187
450122
251901
907744
514921
819421
605689
428246
674335
161218
171258
551000
586679
446578
119455
16640
149130
623847
502988
888244
432403
296846
81153
441987
25179
900589
747634
929525
754078
323550
211659
323921
132488
849351
461181
926355
13103
184431
340128
720590
715655
759428
609876
665967
316801
979944
147776
829347
456971
51969
738850
611950
271666
668988
897164
283787
958415
659811
568946
343426
830986
574212
870343
71252
34996
459904
431929
54616
247651
972179
523651
281087
472686
923033
229761
51217
201894
391635
116407
227309
759300
517492
384429
930925
609378
99012
138386
351023
601446
857875
157891
292876
818812
940973
550414
969703
113110
918166
850963
172004
65506
689719
590970
672362
141701
274032
479846
710706
195289
832595
735217
854017
426521
979657
313606
775620
688759
242341
967361
236445
823012
2444
733925
622330
202165
547446
710262
770732
73089
610684
925210
371306
559411
349731
827032
976860
804190
951871
32534
748669
31567
302324
67045
777431
745220
310992
817630
530818
203978
650392
981746
203471
300649
72087
461081
770308
340727
499663
733175
191554
754211
743233
332270
435096
422179
629627
57599
128836
633278
81294
239454
295468
799969
59397
34664
311796
844940
631656
445930
472795
537605
348554
973696
207238
551229
102210
275160
563208
922530
439558
375860
182863
477491
46222
146664
195511
442941
186115
270962
215017
832799
358043
480849
90855
538523
993738
974608
109015
895236
716179
682971
388000
921547
738206
990674
501855
869836
359615
330887
98813
115311
347937
769033
345414
923502
819055
165231
837772
227293
863134
438623
152351
154740
293854
139080
121513
940628
884832
611963
641474
776779
573789
180569
772287
381839
985027
67605
88258
298447
830883
206765
727098
710903
805955
37385
366102
10899
451397
951999
80519
471124
213868
39398
117167
368505
438373
43476
97999
644319
600470
588765
834503
891203
630050
933640
653723
407641
200135
484104
675458
284670
175961
159398
732354
697983
962853
615768
984956
416572
857547
934980
696027
242337
963641
681375
753815
495396
377139
317715
103611
360005
959442
617556
475302
590563
212491
231829
510164
798588
557302
897038
30626
641065
917665
867259
698364
303768
436153
404682
652625
822378
621771
177690
175114
606276
670261
628889
577333
53069
491692
78579
923777
652053
876875
830618
801874
826620
66751
940594
983665
679932
416763
364285
250605
872385
959621
130910
902143
600981
343770
357778
179895
354984
996039
292333
325180
847648
86448
818516
638527
8326
934847
296185
97921
370659
905210
19350
290176
76057
493805
46892
307041
161780
876271
453731
179899
630238
281544
734992
477599
989458
80807
784017
682937
354906
752326
514729
714438
585189
312789
126091
955318
301234
997658
549123
234280
695304
254222
632308
379067
882937
290450
964316
255582
8714
577905
331960
460485
804977
484005
355069
99600
693803
334630
835773
306009
91137
913719
616635
899726
891764
472885
952471
661027
716631
232532
769624
626065
100753
489269
678486
600032
240165
543274
999139
41536
791681
99819
596372
298195
849871
267678
222136
813410
272508
913312
453997
860696
225370
373013
400399
782287
890497
925320
276608
124150
22756
548191
401439
13791
672060
580551
602484
667909
983981
187594
921077
24070
942839
566425
649045
885305
8095
544406
968716
294976
913790
957922
445831
272456
647970
917004
603301
304814
667061
879982
197437
22657
956431
856955
25827
252380
580764
258721
904998
655857
995600
518606
706709
946002
141588
817149
434232
614846
120400
959135
968381
576274
113925
137691
447998
638504
229537
882668
270367
49527
342305
190297
417458
723536
672325
911445
322663
387558
638593
197668
869064
308145
475188
894132
538471
689521
948725
638684
289772
517154
31840
500739
396532
490810
211809
455050
832647
49365
632958
994254
436689
256767
259173
908495
519579
254027
279143
652688
65045
639278
256303
655586
14117
556921
658965
804070
903941
243457
633581
723787
502248
549614
30707
844201
69768
132874
712899
667093
916558
318533
71238
345070
76181
874512
340853
934373
623245
865718
129475
723843
220756
987090
786348
599043
745862
60975
286487
423535
88969
587400
637425
997526
707208
489639
558741
153068
281697
780467
839032
884392
626697
994026
534638
859447
699019
163820
903642
772791
762618
748060
801799
866484
716688
903596
924087
801929
7473
328105
771784
384642
276867
354726
494147
459914
518351
561228
736285
633379
736685
943086
298427
244134
416619
265399
723942
877884
806348
745538
685163
105009
597408
608600
446275
539273
101290
819759
58246
324364
565191
329423
947318
707298
546923
769960
356591
871927
440203
285845
311530
440876
237326
630733
480662
562142
233549
937903
508187
734935
313138
805127
909169
847949
471419
284767
79664
603362
512989
960056
633416
674369
244530
290281
471793
28417
184617
370621
624856
320470
866513
403840
974796
620153
308926
135241
567275
676483
348918
490310
365243
681029
186412
527182
855031
490492
34375
495824
292260
52491
920970
15041
75788
221742
510421
828007
347741
261407
334943
117741
483195
984336
679607
91099
596900
740768
441336
737118
616371
395610
798891
517071
98606
309290
355410
85546
861930
611582
731721
118924
35292
419587
431376
957193
575536
640493
781388
443603
930055
880249
681987
684300
786519
296641
510666
921095
921684
286935
437426
679658
425069
402473
740983
777365
231306
375775
221827
384490
497091
425845
361742
840778
466363
269915
527055
714053
433729
223499
624543
481829
757878
648497
218297
341383
232011
884118
832755
418073
298696
166197
673483
597310
49039
927055
364971
265972
883892
488902
846339
916527
932932
886637
397472
926874
491434
439003
869852
410006
150037
865972
706621
938811
117365
935574
164613
623776
237786
470430
686765
239285
406049
672363
336368
323125
270808
708531
736381
494843
580862
451315
746029
583749
858500
238070
431273
60330
756601
470743
312913
36084
93639
823411
542047
494455
206855
902437
409702
360530
909525
61893
175673
831314
197921
994317
688674
304352
5320
952021
708240
745341
616496
135289
955359
2384
799257
939329
360787
227866
68939
420153
499245
72762
644369
469223
819751
505076
945
389010
912606
306927
355248
816772
239967
100411
168716
45352
279019
850019
187275
297212
425375
590212
497184
317035
436919
676596
214486
153962
43004
834766
266564
634876
685882
178704
378317
621080
621241
112511
61810
264213
997739
893253
75892
917408
586607
898809
670388
820626
638924
104104
284510
944373
660382
473572
54049
102972
496365
945260
784815
435965
362757
224509
137227
749060
162911
866527
221274
82253
739654
240798
865251
347139
273243
157765
77663
150770
391192
303657
684767
337072
380398
349592
312727
446542
758684
896334
138122
885076
175789
619932
328018
278231
556139
905915
205666
661742
324311
749008
751975
35819
963882
326052
571667
870523
597222
928036
11951
194271
562899
740089
466031
420344
701983
206615
402371
469336
444494
53024
719842
581736
396691
998148
433851
380815
61997
912736
359410
517919
566942
131901
629822
319970
822564
543663
753501
744379
899127
290228
635911
994102
39640
598036
164922
719765
660237
654060
511152
308324
558114
814076
46864
507742
764525
142412
842096
31343
801050
250250
147952
617708
878618
274697
90711
37233
874674
360700
777630
516911
90728
524704
348320
574809
305567
28306
198908
872737
557974
306523
452929
957483
42653
428991
815837
308417
929187
925454
92362
407208
712102
549952
641230
523326
588535
603521
207957
347227
772161
803472
213270
976118
965307
252055
54302
145903
435081
439741
157286
310315
187423
552745
160727
477648
330478
581166
219877
789201
433084
505752
443317
974383
855779
217061
664229
110503
713416
395548
276970
764135
75791
384595
677715
166747
282551
628491
862576
706209
892379
721307
168189
165004
814810
890265
858177
214887
951838
518860
64117
93679
917537
943696
386430
716493
731137
80007
817548
122585
641619
942508
39187
967337
641679
97288
488344
49707
457003
909468
73569
680226
775882
106458
592470
68007
925499
10531
714140
306973
633439
653036
777142
834987
783430
486035
234612
490760
756819
286527
302646
525335
618812
395482
524314
188333
899828
673117
524321
161351
949723
634791
856154
191604
342404
228904
927998
871280
34635
117803
755856
68543
763473
355891
490567
557830
448234
581074
643611
241684
789409
252417
54357
957562
774742
736757
516984
213138
200097
739271
865064
474072
442271
662597
743507
811464
581543
847276
457268
498594
39686
174615
93514
659245
149888
565567
887066
337863
871701
34502
784271
658893
466637
820324
978265
547272
139248
822505
315974
624047
379457
490365
619973
811999
273716
237249
296316
424254
278749
278206
198212
702907
10975
445236
342426
433522
212579
150197
914953
376426
282475
216262
165753
54658
107822
80001
392141
251242
169535
178256
307931
813105
622579
28903
471263
908256
79209
193943
261461
74155
727288
265748
718526
389797
56130
144809
583850
390655
917441
992795
624055
621940
363193
636758
626200
942025
176809
695568
34222
770189
79794
334340
748711
213679
727428
260391
997559
317909
957806
285831
505353
347901
507853
338488
188287
170592
400428
266466
499699
745046
549267
480507
597700
821482
140569
61007
813917
95379
793060
509738
203791
613489
54459
444949
423267
943859
755702
808867
762565
526590
440068
442971
954248
338899
29343
196954
822088
797771
556133
7958
877829
467003
14811
429688
399877
248483
334354
666025
433363
460351
842258
902142
865795
764328
721750
382888
366403
248109
511720
18273
780776
545475
166022
60125
967670
72610
112577
828104
199455
279477
423789
548561
917640
396814
701890
974373
80072
501610
647488
721210
63278
286416
741006
106598
540029
66226
145119
165122
415530
221506
754700
688178
15045
610119
778774
422196
343412
330970
669469
667348
183164
191563
989563
691658
112937
510768
208195
968547
623636
878134
122890
150911
51134
505906
668213
373910
424769
311730
899101
392740
169094
457393
548867
801023
30306
977578
61510
174770
259050
321894
64588
837680
347542
158262
212443
575940
61853
846728
145636
599347
512339
69569
560939
649789
29325
19170
919983
81861
980421
660280
506553
383010
692694
333096
759240
228642
554918
22200
276352
122112
484203
315157
236149
789827
948744
941365
370620
258972
936500
890814
692439
504188
918043
44492
351783
322132
790650
1880
928207
652283
426198
809019
358178
555830
523855
88161
561193
342911
896263
110573
444162
931113
616673
321561
928039
813983
912258
935783
240552
755858
472040
368830
903735
851907
636815
649488
840060
200876
671703
658769
743379
402587
229862
803731
708108
653898
216456
784583
945728
855902
284805
827417
467639
631727
543643
339541
385920
866168
796622
427663
857332
950459
367121
424049
824871
840817
813511
116547
864697
237639
403631
117254
314934
16982
521579
349526
786869
903490
328917
644102
320764
555108
191080
881843
909010
231123
516445
753365
705270
888961
689487
914124
463237
690114
256615
713083
517379
279072
413032
629151
90270
977790
171310
221431
409489
131234
676730
105547
298286
161702
90085
359680
168318
237266
528343
172705
561656
302236
488712
40405
729588
150122
55192
351436
90208
29592
397846
777528
855825
451584
266901
187537
187505
855846
744300
492173
169894
186939
844345
828946
490754
100177
80506
701773
972562
255311
801579
896041
517996
930300
711420
928087
265618
872740
80262
398663
693058
223728
516625
423726
738329
577153
255637
944516
481808
687670
159138
275952
588031
290132
918903
4557
22119
128693
266374
352352
720503
173342
627148
968418
92093
932814
666711
802070
142126
895758
476090
98938
580989
636014
906322
502907
374697
554573
302410
131354
278470
4683
196581
418322
223395
137636
423886
338998
27267
817996
689795
926621
759795
433670
423705
150190
704640
85212
892793
532494
454755
68068
458176
745503
406161
795705
157498
538070
203389
209833
220002
910773
285669
95348
575237
927543
290897
655162
55669
824957
369883
993294
882690
210291
218447
961196
332128
493026
890989
960640
38944
792054
179660
19980
506957
761632
621558
964887
229979
400272
639437
378681
178793
638993
761996
918619
365164
355274
256932
851991
958205
321822
399010
14615
207819
35613
825300
715649
737208
766128
989045
966271
957508
947934
964710
489232
598810
266012
938353
673711
568578
403920
401860
276214
571471
97519
815667
717017
830278
438009
501458
226883
829835
675740
356508
223264
307744
447485
95740
103772
922011
270925
568425
43740
505768
339707
557163
423495
93599
417878
423885
165549
523973
636516
314570
911808
708526
994891
53293
888527
11998
720786
624778
583358
656298
908860
700394
852056
943026
668516
340704
224101
998613
201579
378092
298679
275846
846169
273111
254974
345084
279181
525342
745612
859290
71378
950600
512306
461475
844378
290314
13611
803151
366312
350965
337967
742189
828097
58970
643295
192728
533275
196205
80790
649805
224074
957257
401529
930628
174011
25284
176988
525208
808899
109202
859360
943415
183290
17476
537435
237773
74432
513555
104756
864957
480963
982294
11619
173829
547220
477275
164230
932502
286821
583967
768387
461584
454709
970968
799811
115332
140421
581367
915168
323423
971712
660375
841852
110272
904531
624200
29538
241128
24475
25438
750241
228754
387309
362819
136470
641005
107796
560479
375580
220801
302586
277295
712672
417798
914701
807580
622021
656705
216687
790434
826371
148828
839594
286789
873958
226178
932351
33238
329940
182689
994700
464556
829648
721314
592837
275836
19190
46788
613606
16603
984715
875743
519339
681200
101786
828877
763349
883337
453051
682719
571262
117085
253960
540413
489229
531570
913523
661982
158176
609814
173739
447345
975663
970740
788211
617970
445925
895611
164798
806458
80294
825115
913175
473204
11780
903270
664551
35078
74341
263628
665482
996609
445611
176178
630495
870950
656914
189823
19790
535049
989439
827844
369399
4238
938322
168342
272604
734643
476559
444974
743047
826762
240565
120915
566308
904473
399082
360669
853335
797507
139802
669272
313969
611009
189085
266761
911076
952359
608224
588474
878810
205844
467156
399164
156904
474927
862013
902484
959498
631839
565117
19894
720227
237724
51597
881910
311742
104176
596577
810611
420339
124753
191557
782379
188740
207990
482465
372425
571917
778045
432829
997049
678263
330111
258300
154942
561664
471281
165289
369018
679479
311145
241800
58117
618329
80189
89635
15249
679011
658843
614380
713897
492106
713077
4642
180396
635529
668366
163169
840085
243698
978217
793950
740272
718094
396845
71410
831427
31333
46152
396767
219781
113448
7080
92180
325553
469449
450206
88999
110181
150334
20342
768216
817165
265270
187933
857736
58092
566339
815994
946212
968456
911243
865199
153471
194006
839206
786117
46794
197328
644097
391972
637027
395049
194843
84558
446424
533167
663661
159056
693504
711631
881556
99290
563774
97625
411854
22398
140510
68373
337761
730900
652152
218714
37309
256470
895727
461631
8830
889298
570071
307263
338404
317658
589324
861801
151888
242293
186915
83023
709223
204929
3027
58260
806255
704534
727894
618236
247714
155115
366798
541267
117758
776826
324775
748296
965706
538228
793912
625512
838761
356450
595242
879913
566968
967010
604745
542945
518546
790108
243810
356808
171646
910242
800925
201146
1286
628124
379650
941323
387096
958031
511073
742601
161640
269495
592340
901189
48926
397975
202393
919995
144124
972094
613325
436391
558778
883801
935630
537539
61678
182601
862091
820096
858280
997913
829551
744865
431923
404365
649590
280791
567150
182936
32532
199983
667245
856244
148883
621737
485817
725229
854443
541625
956212
852379
257493
182982
340366
913633
547510
978744
862590
112866
6644
192816
315742
528327
873762
402387
259203
914471
514073
818745
218060
713642
606564
973300
342760
820801
155626
333129
480513
864603
860747
652017
634037
760714
945468
7465
334462
973199
99091
303060
182842
970935
188829
788408
915260
488222
55516
45034
250010
957066
862329
402169
475932
768393
729600
598837
166682
594924
320469
71257
854610
117154
500068
190628
322518
633469
983388
798262
126280
688075
847000
355777
457159
550287
368164
405957
282670
405530
666033
704919
545880
955243
598106
967537
378225
545439
417832
600049
699427
864533
218665
357380
530889
826415
447604
468961
360181
32942
556010
363452
622325
530970
345842
922475
553769
199180
601802
318961
674524
532068
526350
766659
48506
66643
704089
445854
518775
941842
933828
206334
387359
24322
2752
834788
8170
872092
992272
812718
588146
588223
707766
667441
381523
965589
425837
460711
377335
56009
391121
975579
870897
370008
163932
955725
113490
35625
205424
397216
231673
535913
519947
507599
533025
730647
510547
566174
754106
53788
90315
155873
287020
438434
696352
803728
738327
675698
64018
130883
267654
453691
913641
592428
392540
568848
747904
946253
316670
484975
198080
408060
631360
776714
762955
506421
441330
51566
712003
28717
237928
27119
485516
762120
92992
653533
333333
141068
423058
699104
8248
985325
129993
319762
322871
55620
296421
675217
48508
91095
471993
98379
430564
375280
482351
205182
76883
730131
557498
406403
649064
975469
902323
797555
452670
329022
11642
952868
339823
377347
548514
356471
491297
613597
113477
338218
194434
876560
376879
209570
860252
320857
72817
352965
92714
694865
394903
326468
952692
205597
682594
589405
894949
33020
558697
489512
386262
997856
348258
957354
162084
526597
698136
330943
823274
54081
229116
356325
851779
368156
132956
987794
230693
202995
581874
171943
42301
561743
632414
309224
217982
532234
99296
22587
841826
102826
308169
597896
360540
512663
628283
547363
132519
63973
44948
675320
459772
93890
833523
629486
843581
441885
442155
98893
88166
208410
961874
708034
221250
911286
238956
163828
894183
38828
306703
759382
569963
990018
981114
796917
752997
568000
760230
663821
152709
324796
301422
995046
250025
463354
966658
647496
738122
578546
839496
202724
43563
260139
53836
244842
385398
547295
232710
652516
148429
579970
386850
626451
59772
716376
350412
693629
408397
647026
539149
206228
95874
439172
813445
836308
66231
795516
406182
880672
86245
355873
293294
107004
151622
166013
291922
728889
346399
592277
560002
467919
749118
93061
292517
327394
644999
520048
594865
206057
974053
649631
259947
366161
778126
424536
392764
239414
18602
404438
816249
680118
873213
968386
20763
748536
485148
375765
95747
151642
464425
619176
188582
824371
650172
468184
473128
770854
145737
708666
896075
694318
640736
796502
288415
462642
731713
155270
230011
726302
756341
726615
589104
281873
150918
236409
9414
122888
37633
41117
39242
413568
291420
714230
960690
112971
866139
771989
790716
950480
241796
795906
154000
403363
626869
808470
433865
76782
278863
138551
646416
183784
210185
8894
872169
807554
228267
715533
538089
440758
528443
733933
382728
963891
817401
575929
314880
229780
734019
92993
985591
613762
880067
910908
153862
352116
688832
119315
651074
661317
653183
64927
2638
15377
114105
639176
925140
542504
116300
987591
298595
893182
48533
743100
56624
451978
88794
546638
26493
923333
771010
457649
153150
506358
402177
204759
236695
901731
245464
750629
187649
955635
890597
632033
33005
678629
537363
841960
27277
978344
482487
680609
937298
41090
347938
808815
874628
351345
756937
512202
301415
408506
763527
675680
251971
710937
220984
458686
594882
794357
600194
783084
121000
392729
831964
989773
832282
58255
504714
724018
538558
581121
249009
367177
941177
937650
810447
562937
666683
285944
762888
32083
599738
150372
559732
91074
474476
616515
176012
69161
711437
102721
836925
567016
22048
115081
786386
278052
392156
49371
225819
635197
789104
879437
943614
63991
42480
719165
357411
925773
122534
576557
274850
509711
913396
341555
971627
730487
577429
172051
162910
301818
491616
787242
780603
682531
175093
786678
870283
711395
927508
819742
781360
798655
904178
223075
400728
635047
375095
368234
656122
901235
807959
763167
794331
540794
66457
411297
8049
788383
78400
205616
862026
561584
811104
93895
129686
294401
482490
985317
324310
637578
633346
321495
678923
155736
757719
105439
482822
508932
164821
393084
373516
122961
892402
803362
776610
217731
923811
407239
517805
768037
506687
342986
673231
666329
146400
488403
457907
373907
400821
609177
617293
289960
392101
353207
797551
591504
96985
874538
843024
267045
520799
384371
519406
941212
719796
313485
983131
622017
378708
700954
275368
620940
109358
667066
982478
766224
589706
276282
961539
857675
483575
62873
210846
548677
801004
497217
770514
580275
210496
17814
619287
363530
939521
56466
168989
958838
663101
77983
118878
358182
304059
582741
995745
305972
439487
100011
535753
106737
683003
982945
462318
677440
23755
841754
234804
589164
203000
38312
828194
103557
549458
566563
179136
557675
16566
141127
344416
573597
949972
77472
765957
495944
52593
268763
256507
299096
352682
665232
152240
755022
480875
259325
737741
470412
195697
804602
423859
404439
207221
962186
520795
116288
492800
596443
310321
439184
841294
223191
232977
396482
524091
894467
919594
889931
274216
850045
216721
629800
96429
687091
487568
436161
620441
588598
998584
590911
456851
247335
232875
992648
844750
975653
602183
538809
642980
233541
872164
633035
696743
888858
987857
10679
452952
237923
934919
295648
317917
841701
220085
738200
855864
531573
341839
468731
34304
296589
163049
246523
722925
179216
640041
380582
503925
345727
483791
153896
386918
837346
935205
133554
30089
431761
904688
817778
723527
952492
694490
316866
783131
620619
496379
251635
673384
72338
505825
848445
694686
193243
765889
590609
565358
588137
931215
172338
616332
945833
552511
927822
501442
171215
462
425525
401902
712807
206865
943067
386171
281879
998365
130379
385261
395583
333063
79282
979233
656683
477655
227043
216896
816699
124008
851065
560754
195639
802847
50521
379748
490172
878432
621235
159590
593243
34501
270483
533912
736797
488919
520724
134555
641808
694367
338837
432521
129843
576348
511843
581901
434137
162265
295572
574136
465287
341920
348697
204142
267669
244358
842241
581768
630483
484580
91094
562411
318570
236104
792616
984163
282111
135665
4865
674492
284659
837981
923727
220424
217411
237373
62857
949402
125565
700833
836493
110055
190040
885276
991002
208169
364153
965792
743759
944159
976892
734534
945265
542317
570503
478840
986029
307989
384548
469836
658416
838162
388631
287354
700069
981079
261455
582228
248160
712638
575130
869345
647495
726828
515836
452604
482051
788006
661364
854461
345945
430899
532640
702082
365852
707579
375759
689410
572658
197729
5113
726655
677125
181009
675711
824318
578909
22970
68076
572231
959687
634558
435345
559227
562721
14090
43667
121826
493615
278367
674247
362186
658033
410421
663672
640645
975587
49337
92650
738275
799096
647223
334274
914208
199378
682229
434037
605495
415864
98623
212113
334483
759214
274950
105798
465883
593657
25253
923604
677937
877916
869452
111933
335911
268624
928175
239943
93565
62265
822458
972427
238038
539165
303656
737189
257507
703516
356679
96783
924727
94507
73032
995318
279136
772769
246723
762457
213454
682895
708270
166283
990478
414098
78835
863631
909268
558457
348891
773212
969101
217850
206858
820996
634114
460756
993224
43720
120789
152363
670939
529552
505080
146119
635075
426336
994038
748943
650859
930280
188273
695038
154911
857017
73766
770574
274772
369326
885582
645664
635563
768435
132307
974690
492846
437976
922600
930388
303949
562633
492002
691161
5836
502023
494617
441188
783165
823672
213805
564620
946907
461572
407989
3524
199654
357351
267608
575264
463559
153129
625291
238011
656749
157974
839296
132462
369290
830827
456318
86838
617385
845368
968695
55304
973781
346351
591296
75153
388553
415464
824059
75903
147137
354941
576040
588233
789322
801433
238224
519234
34142
580339
149599
524147
678563
140083
735444
605251
746557
843889
937449
83967
123951
345822
208170
391560
958390
352448
856513
986138
603382
77968
302724
154289
599484
598927
571489
792506
231135
591280
933784
38708
218345
806216
45640
245971
548779
408653
687815
4451
997282
362745
573179
193611
193590
186936
588570
325124
823975
11482
91153
842681
980233
160601
257040
269437
180807
480180
859765
748423
991873
894418
213993
384007
641010
3674
836635
658180
263460
126370
783898
616870
212564
899325
823689
801248
172205
147186
368200
377389
257581
813097
213520
304937
953564
78241
652237
167784
320379
112529
460418
569853
1883
277106
921136
713844
500760
54067
998877
103703
564208
384817
280942
583325
801158
13826
679587
795231
450680
789568
748328
877338
280204
983294
990867
689563
6633
677878
53387
154126
816800
364892
977397
324894
490738
541767
847458
497919
116945
863962
90749
860618
720139
85645
890383
664303
49780
934045
308818
257415
36608
7518
914188
611065
487794
936508
749026
537116
91104
70033
876819
917524
651448
898662
288627
342206
460815
611588
726299
447010
370052
603967
11584
146299
852336
441866
853752
12155
268317
516708
280549
517943
617861
609693
452654
334081
282948
895575
54659
923846
453006
634808
742989
640303
674412
237312
604738
206788
766277
812120
444541
422816
284430
342620
697791
297328
159390
13730
958681
139587
242420
124293
889930
277358
229413
94139
655364
961362
247877
424132
616836
693384
20004
90898
315048
397094
189054
435391
128226
218992
961432
788389
146406
403243
479564
9722
355117
275441
269149
708622
463704
24894
700385
848070
854742
214212
907566
161811
584473
274756
606396
870380
844224
970532
667246
669587
329999
170998
915821
651117
977341
464062
545330
48592
103321
374485
266756
837543
7103
527395
31693
114905
966221
399919
63871
779360
5096
945913
268101
21260
744702
870103
849493
544632
407186
43574
632627
412398
38694
706746
949207
264727
626247
866264
304280
325389
921615
321397
761198
980908
799282
947254
416783
5588
3327
729568
115445
890740
951565
978974
102498
279803
620910
852276
522362
246643
655596
939106
889775
443733
734938
876243
998717
131084
18364
29319
667682
547672
973212
443750
125497
664999
199871
790845
765402
748266
682101
891652
213578
775644
462754
576876
663992
887754
181955
383605
418566
535396
531582
535166
488331
392142
662791
699864
962656
822430
498008
904297
916532
45193
146961
26453
495721
154327
806999
950355
618256
428053
868438
353900
986002
405353
937522
864719
323506
79328
558665
266701
310440
327210
326754
364633
641805
362205
39392
827851
975543
584776
46738
576655
552670
138549
478384
696281
756214
106690
462886
79557
947031
127087
667596
270486
639328
135349
26563
994958
265896
53597
647723
699513
406284
118873
91263
900920
402045
244784
334270
889908
689367
73129
712720
827400
564993
446853
431475
395258
663869
782611
539225
866579
336350
348821
676771
756868
45484
780455
180901
562880
804301
806754
968477
684707
280375
537808
531205
622123
93482
330090
299387
877075
225460
470078
192996
377106
877612
231185
161645
141020
549751
107832
386831
95916
846356
762536
359090
615541
758391
745498
781889
545169
803395
46895
950435
678250
554442
89843
550229
808128
631116
408158
711821
554066
52182
707715
942319
812739
678073
845988
494636
777159
940695
246398
278841
102626
510651
344956
119682
659579
419485
153571
67969
193667
9349
384967
871546
265256
795203
348436
255006
941911
38079
823932
848553
376764
853991
862512
733379
30836
299448
65446
133609
430275
142203
42588
899991
748789
839003
883116
983579
226398
603340
275606
796777
807537
42821
612713
777446
784611
998974
412431
154111
816836
292994
604419
554478
118852
389402
450035
272276
33268
395170
629774
443753
780827
24537
750490
79552
686014
676128
134390
111208
910399
990070
687817
284816
692259
246543
589940
807408
968046
198094
539671
907073
795777
843677
824432
238800
640966
124179
188516
750181
147618
904486
51295
333075
492424
95390
676858
976902
383841
676488
451048
987667
11362
900653
512553
279784
713753
424636
992615
116795
975913
576288
671009
219202
67753
81663
98463
223935
483378
480739
691315
73948
508954
73760
911786
608205
812953
370322
386518
97306
531142
186285
31472
532002
616988
530939
763684
551535
51999
260853
153220
480448
568133
614567
357098
150952
751292
592240
219276
929234
649110
550636
439941
736851
164362
792309
552252
98622
796685
47681
89529
435361
431396
917915
80940
293243
215137
710960
398306
19928
948301
275267
917541
188096
63959
458160
424461
311041
433330
750443
169167
100677
362281
418395
759580
153231
389488
160852
633398
586947
526750
407702
467896
850203
736711
931744
210617
697793
333986
733132
800496
188737
454355
867553
573611
318746
47532
560540
166381
24536
545196
233155
591811
927239
591272
261767
368993
649547
52719
102283
732188
155342
394400
441107
807236
298245
321587
333275
965549
681355
256258
563749
653082
680091
102788
929255
904938
645127
612390
148903
989653
408722
503777
125229
407344
517639
511977
671602
441021
940116
423745
523375
957933
967572
298750
217093
754200
584664
767088
499213
957017
962690
940040
395445
970396
631832
80664
583722
43321
954470
583762
484202
15549
394201
27652
552770
439067
868283
748398
257747
675909
850687
660628
816399
624930
169678
931695
786646
115547
615382
38400
861974
4737
50195
36822
344436
411360
746144
37579
868824
263676
893823
922832
390404
487803
460100
628531
946812
650465
576646
763997
453655
487666
272041
378784
121355
867746
684896
689935
777069
83569
391980
374053
2808
121578
407799
459279
58353
106584
310448
578201
105034
724281
237203
825227
553015
925743
186391
10432
831654
49810
71129
682429
784896
850034
919052
142965
23168
836775
852479
746453
762815
730432
789780
364432
478965
62481
688739
299364
735598
994443
582601
159602
752205
875980
902329
675321
523858
490124
822158
608729
682287
749828
883900
458326
834301
507670
174259
78754
362704
798912
150564
46030
999304
274376
221525
98074
520423
732917
348146
255397
544117
511950
279160
131180
903763
92132
360235
763485
521015
267722
737472
54842
264492
232522
120537
209729
249325
464530
974872
511112
236799
135569
940277
897627
916706
642175
186248
924469
168529
922235
274563
749959
4250
933716
696912
326260
785197
481689
660438
196167
31012
743792
628501
685489
863004
226227
904338
542096
516651
302826
852676
378217
175617
165355
735798
432847
488121
260065
443104
152614
345857
527459
607904
720952
457384
586425
117116
184025
129356
791427
330420
889511
591474
860040
752038
399342
860393
193899
523656
371003
692635
811254
68908
809743
210363
777195
514576
577959
296383
420163
494131
950764
154762
485609
30292
550133
218381
931506
700534
843264
679866
871645
882652
430126
790120
698939
803795
786804
50390
925335
496751
709883
3744
989274
537257
103856
603082
897417
542920
320215
656036
32722
109602
137714
442625
302556
531038
681216
318936
167439
691795
438160
36095
437347
56587
961378
719819
19885
672643
917047
431065
514028
475980
882663
522695
871732
783096
109210
807175
981982
740980
577892
2764
288617
128866
666207
329966
797113
234703
621350
734780
700430
231843
105249
231356
534746
888523
253635
380956
831122
174359
981380
593896
705912
141332
869437
31504
870083
574385
935659
213227
236080
215973
307719
319176
81444
225523
57812
971970
981011
527962
150808
56223
561030
424541
836487
903936
440149
218941
649398
135981
397255
943007
120578
170401
132480
391918
897779
205674
771266
242273
894838
969656
845070
367646
611767
586920
686039
96502
926593
108702
957657
608142
564048
735920
384315
126928
321836
414234
67617
135436
614583
916871
159059
707793
52584
696166
488934
697089
696869
871648
948007
692903
469480
171328
713070
680090
473146
493097
87613
411754
315798
462470
376724
199014
487358
720222
855260
167618
265159
663742
530692
671669
563686
471573
339269
496398
33463
252105
409748
691595
284813
273446
503179
128564
104520
270450
163204
703491
55316
172784
456457
325358
707236
378185
119827
626099
897340
883659
718493
797819
892213
154653
144459
768488
562667
846083
299181
451419
693582
168236
618646
667087
466482
982403
568437
336826
852055
887191
899910
43263
120958
909210
367922
28239
524824
230016
253402
582232
330869
648267
442745
323495
825213
708952
637623
339879
417628
213338
542921
509812
482355
660614
959380
903077
946761
986337
199112
888937
542923
777903
248379
365467
346677
580382
120056
428519
636311
992029
746045
387869
62326
296013
676989
107440
898076
939265
430672
499317
27926
584000
248773
400516
18060
56335
988970
453542
879397
361812
59138
573377
699836
947136
836386
510117
51149
135043
286194
448230
148910
47396
600596
247986
705268
829522
715371
45284
197363
888330
85768
607682
643188
6628
66491
770824
39216
32149
394680
334522
500744
568154
321963
845527
84446
114058
583637
853592
640517
320085
445016
144235
563820
133089
8685
401389
60232
858099
240929
220407
437762
135039
111171
890081
952000
773433
382962
523466
842414
324606
346083
477153
890433
870172
517679
870972
113674
614207
153591
872861
89112
422910
757195
520126
534829
95149
771556
133100
257491
764373
438386
973457
816443
772060
150883
327972
290470
442414
371893
185376
737153
399710
499784
280380
418625
95269
825951
766688
980843
122692
44105
902348
563000
194921
842966
638254
156996
201842
169130
527015
292112
17615
316190
250262
339255
541952
778911
733170
506534
48501
671895
372849
748882
800066
73645
352721
828048
601682
158181
928989
872457
392582
13269
750677
40720
174520
527597
288536
564757
829403
121262
72626
469542
413221
459613
585568
203355
771886
49890
674116
873233
292618
803309
940718
669642
440238
222398
793388
340061
282727
610618
192910
935987
352804
323206
575445
974671
896255
987088
763759
394724
264673
77291
324704
331293
229791
118733
571442
145812
753082
413469
77390
739294
384525
661577
191603
692706
175379
323692
433930
564782
89570
269898
456514
142994
375848
516965
701870
426375
745166
216141
127560
788623
102849
244304
877825
471945
494176
570849
830180
748260
304867
89637
907131
64365
893540
794025
206623
162202
428482
561218
153271
630282
809256
477435
280363
919873
898312
892556
495603
990782
853203
8385
548651
244227
227741
28918
666413
755841
755722
742795
809044
645924
380734
160230
664789
633548
21783
81467
979699
332168
768744
250767
693882
966317
958208
449333
549493
985615
761826
848858
651436
231015
143876
717601
825023
561528
443635
129509
186044
370174
25880
558728
814071
669109
745832
313225
841573
514032
299080
411438
161003
305121
887699
707371
602394
943651
693250
547986
283746
509289
207424
459617
47218
182332
207842
698754
69414
48441
469990
52161
777041
938096
946497
632956
23575
959170
367981
219916
260196
714288
487622
951573
737844
314648
866243
835955
320551
914895
628727
613970
162787
15431
974477
374930
287258
71451
123775
773190
795067
721913
645230
453311
694172
341916
150032
958222
59650
331730
515364
248218
917354
582185
863510
608463
460382
317170
588976
81508
2025
793238
930174
377467
996961
318142
44688
64963
648084
216209
48826
10459
456188
615211
52495
707914
222115
800258
651883
793722
521465
759862
895577
232574
44065
933893
336114
252068
853399
112795
767950
283946
493515
923832
737920
637596
419890
983393
401735
495715
159939
737763
253835
433077
186637
286824
654848
285685
379193
470963
748611
598344
193305
157702
289417
745626
443893
861055
179381
638269
66667
33166
819795
478532
682751
672414
154577
488715
385376
134220
596053
668234
648818
290780
844113
415446
113467
650543
115078
698626
127378
308833
838873
518806
427025
508064
44240
889879
437756
450151
787847
931094
437010
613626
31017
551083
96347
470881
967501
58380
124897
604542
327194
744175
928940
738643
980832
531318
253432
697485
463359
130965
418886
556594
670047
822336
665004
357153
416147
783719
301318
657521
680791
195816
623104
738103
370876
463572
845394
91114
190041
893745
671653
119322
471700
708227
501020
424447
552984
951719
837257
977532
272959
812156
301202
218424
63416
477234
6170
616020
503984
670891
174996
522779
961513
99751
107723
393724
917031
449703
902906
660171
435068
917734
922293
317569
641278
612894
150396
709858
40780
567561
936722
745912
617079
14507
555929
446220
750640
824398
916042
477317
76788
449109
941804
677811
253204
822237
739812
476443
946868
732363
219700
290906
350555
606241
695452
719570
351484
479464
26986
477807
49511
46107
104043
429411
804516
954332
534569
639789
775719
797779
730299
949864
950093
931325
365053
76706
201593
182607
412193
61601
413005
661533
856415
888544
172369
10361
663136
765390
372720
894487
98076
440438
94793
361140
615587
422022
363365
734025
61733
741643
419635
253106
74582
565315
834515
59586
446950
699269
691562
329780
460321
515634
534893
232041
665161
894009
911835
416699
355905
131138
958602
510168
267136
157270
930567
169557
871989
74427
966298
204549
719776
328358
401715
900641
771221
493538
243243
210088
418790
514466
904048
726785
498548
904395
431651
892676
519056
123036
97355
133816
85398
30406
488615
80622
225280
37225
858297
559821
930928
915704
421127
651616
842680
566041
598983
353732
348660
633793
867462
475919
733982
688303
510452
989622
981171
223612
793264
799648
40537
820159
429032
976768
845190
599736
26458
755682
393630
292792
492115
383483
903778
184463
810042
389692
649345
97444
645731
946523
236072
94315
815657
911977
379484
426821
956673
149703
907376
469637
388818
84596
555081
7172
40954
27289
136638
375929
41104
659782
903953
976184
969678
950629
72828
995830
105738
339085
317298
181718
84545
827497
320698
439197
641918
578650
183418
884581
490095
126612
843704
547345
768690
635896
343856
656731
217259
830415
448283
852748
663595
799864
458296
178789
954132
416864
541190
676869
489320
129342
110853
219437
961255
449886
198006
726014
617770
119102
105729
400935
180306
918691
557793
325667
207900
383333
951318
10102
190552
364442
573526
576370
354624
808132
184299
877394
98556
401471
300745
38614
638043
922481
293244
109556
655701
333952
740658
994876
2321
753363
76670
898029
737497
651818
421323
206166
268732
701813
313700
736338
250874
630481
423415
717073
154253
249202
545064
757986
481422
894730
48296
646451
142785
39340
695873
299933
775950
181477
455617
2770
925937
897835
834570
401483
392206
597745
661890
217642
273860
15742
973324
873749
892758
402942
19258
69564
499571
870970
726139
709019
626181
491048
940238
430117
891573
85972
22310
299095
57173
971718
378579
439730
215548
222042
928818
368301
447572
902090
119227
35611
218539
400170
191213
609991
765657
466629
428871
777656
208948
762478
843332
705043
338795
611683
101104
299875
95575
195089
380991
92141
944927
351402
501161
740389
115446
568356
161282
576720
533854
586343
380189
147661
998398
239837
845653
729038
25323
638871
878003
556343
666996
691004
166401
37504
958707
773482
197906
146597
807672
337648
74726
791655
68733
933049
863727
578445
679483
618338
371791
904529
705272
558019
100887
855609
575255
156498
133940
999639
533575
253355
40019
570689
518636
766186
178184
191623
226083
846399
119658
182674
716403
851956
916335
420638
740326
4584
896444
769378
452049
368977
733561
680243
230785
271526
487763
205998
500129
9050
482717
238149
340548
593808
442966
535302
336310
571606
101340
464662
938797
14120
133642
347696
345377
650596
322917
590201
998105
840789
652894
767348
546435
923456
269969
828443
516195
694030
673722
264103
843304
139866
958317
265947
846539
365947
35601
810026
848218
22919
953156
394947
964183
950455
860643
775850
798136
327523
137030
698993
98464
594464
40415
475171
223140
369029
526563
455651
156579
695180
638806
236000
342415
45699
760093
423150
679087
531151
227617
619334
20746
895417
735515
263006
433866
482980
473165
367976
672905
551917
743093
418858
886881
874773
30253
650744
488576
24296
346247
92793
85637
954266
678943
800802
444811
425471
872489
167780
651267
501563
820473
607189
952849
113919
592338
483825
799127
551745
831021
473045
22295
262829
914835
517324
336255
609661
603001
330730
296198
804399
298119
584138
219105
720175
176264
332992
398048
356801
63131
991412
826679
641886
205996
954015
96014
115847
632342
337093
308045
485438
975524
516277
225680
875075
956724
529203
5289
206012
653511
496370
680133
808305
974830
987967
288948
549355
913698
969228
601488
172451
448575
802057
934938
363183
418840
101337
219072
242573
654580
13319
99237
97046
405886
292025
599439
332260
426118
61290
608972
656695
77869
327084
706732
475235
146669
625849
3131
572798
507504
897314
890749
756337
159629
183993
510389
550863
749512
83406
752715
742053
716671
508830
176465
258737
417173
851852
351425
185665
248588
335687
422711
232840
555249
835113
907573
651385
659417
374517
425307
985429
442762
87749
517983
978503
721755
500130
168054
722742
162358
430695
555634
787534
967169
888644
519331
211115
175516
998504
400947
735645
75648
137452
828776
509516
643099
880484
943544
628055
230143
25181
240871
462483
531590
961364
821788
978840
499601
693850
325903
330449
538906
228748
589473
819731
906768
464989
469660
587823
674296
660243
641129
385685
532426
725627
94280
474143
404366
167099
288055
59043
322190
337361
589812
65094
329449
942215
659433
70855
214251
237194
962393
722793
325346
781169
353383
541737
247079
530135
464696
612122
417325
532165
429215
301239
995785
246050
209208
970040
203060
31324
818877
593071
537621
967850
549706
882787
304805
455441
925153
7287
561921
571517
748712
786162
436559
553436
68885
849166
523353
719058
292123
910103
648746
292625
699351
522974
255221
546692
995662
281717
761178
82898
876323
260239
465548
52856
917710
979271
12284
557283
602516
258346
347594
277258
629090
564024
384908
182796
538060
500214
817386
889208
409102
963650
241405
992254
876187
665874
425042
91744
706808
683122
414753
649926
174671
381709
500812
788574
641458
465442
782559
928003
724536
120399
159455
42048
485207
823350
951525
579131
198310
688791
639990
682959
869609
205450
676361
938410
30125
44183
840955
631864
778223
620335
785580
661587
64873
547593
352817
889913
808116
34553
432393
489046
288954
43601
267671
87745
56519
615428
723765
166131
525724
615429
119087
655792
559230
571976
25597
223247
148964
328869
603066
632562
753323
355060
843742
706817
303836
115746
299929
372495
619642
543210
272763
902215
104327
946607
765927
201574
815062
386870
610444
843346
216392
311737
839804
667108
454302
910221
717972
661675
814255
129553
762028
720012
436653
32055
661332
951371
993072
652442
853395
153113
767601
304451
177572
776062
368926
434220
395158
592652
567883
96799
710435
768211
457634
559221
465009
191594
320466
261293
576459
359870
654976
953716
779004
952487
658972
207451
156086
330451
668231
779651
758260
418017
620969
861927
13625
382821
281471
680800
182431
954528
898453
524396
331756
362815
131629
146618
493780
7167
766661
175544
386501
41030
441868
804761
4174
587560
249920
855944
9428
560987
106459
132385
36049
478477
250689
413009
435249
23995
359691
974243
955578
840883
150962
885223
443833
49786
568348
67857
33752
424207
499916
874270
802062
734598
645629
154328
278332
479655
775670
686503
171677
692417
59627
885435
952628
854911
545738
773664
17294
464876
268301
490406
232625
277429
958464
614728
246069
436758
697454
378208
901422
879941
386752
766426
136379
803014
774250
608665
754253
455325
756840
342540
617694
814443
937005
292239
3549
466191
148981
623020
314631
798098
131832
720159
517714
810798
777826
792721
774179
123975
162880
169937
319832
956090
544682
147333
549644
805255
363643
318141
392357
447672
936568
907158
325074
899604
581115
730567
272944
791573
971884
797072
490577
846639
324278
501207
784672
447442
913514
155006
450983
801997
316335
303478
546031
15085
851666
156881
799545
108290
448598
595683
828683
611851
43875
213477
819892
242431
420954
484587
380500
104993
613945
674513
839465
337738
151138
874355
574314
205968
329124
503703
35334
272957
849283
279092
240132
910868
620648
221235
828976
847797
859300
144037
37698
486771
874670
693274
357138
369017
43428
125276
476798
74627
466891
739529
51752
878151
812250
719649
723583
203181
942500
366850
929635
290917
166541
698464
762245
160083
556572
468705
772972
40620
209142
436242
973216
138528
150868
472550
511299
538457
766631
742731
593558
339160
332472
850830
124534
668289
789810
77245
332834
333983
649543
322363
699750
564484
111288
333030
534815
316179
738972
490212
72548
149172
150116
801183
799315
587360
569129
743657
110289
639791
592400
97550
672258
641086
353326
286322
521363
807631
796869
191714
161435
211386
556114
88279
448330
17560
311711
563407
104600
870820
206414
586638
861714
39736
866534
84257
469395
49361
183461
865319
729311
194136
251613
167453
22047
415247
426482
19211
310017
954976
572178
754458
371752
163335
851750
82970
555959
276602
94851
692990
44714
105551
367848
657239
387448
655552
585143
693613
811267
862152
907887
334962
489861
516557
666482
738951
126783
579452
229889
396340
167211
841571
10818
684176
95649
509799
737993
851352
859214
406
967100
496585
847350
30465
585489
976033
836908
583742
943264
301567
943767
103292
572691
497055
401777
432140
7971
272560
771714
618134
621276
465703
585964
54040
918808
238782
726955
331370
363694
801629
542942
11075
596621
749146
690345
36989
561986
178517
520523
295537
302053
968833
726634
945736
150594
570525
907509
350736
760179
990676
595112
159578
985216
245162
871172
9900
577258
610437
258078
590451
497206
428263
530045
108369
339689
298866
631431
120063
379209
869617
23551
275954
508578
954453
809102
550032
227552
462235
154221
112067
250212
118175
650512
767100
348481
14281
486801
140967
188746
733476
769774
647997
986600
850951
302851
90389
346750
671384
830139
742091
570865
986323
479967
341006
336414
905196
797929
497680
517080
845488
744525
55694
921423
316448
171081
93198
470996
103405
916853
69903
92559
880585
93069
667576
518894
76752
222900
335198
542218
887308
869670
539415
398518
21222
234114
771451
778834
90220
469125
542171
100547
876399
618840
928151
660985
314209
127250
295334
304171
444303
213336
867304
150370
821379
338768
606897
62974
330212
3693
969658
808269
315183
688623
205868
22360
921564
126675
632338
119729
233374
420904
843156
542222
237104
858010
174384
858464
78394
343052
154753
548685
339697
380657
691074
965045
176335
4276
530434
951664
447130
209533
935102
396493
727580
384972
364389
536396
549779
897707
805388
793694
904592
474434
968934
458468
391210
928226
969778
27626
946122
751176
386202
966318
17371
895029
42294
107604
422459
564636
556580
299890
692431
560947
410488
663290
671252
478951
707525
368497
447812
397217
687132
564839
610730
625888
157324
145365
369755
507714
591629
12486
265111
94399
255446
243223
746738
247080
153845
729467
658427
640005
484446
521250
235800
387682
43065
123178
46023
988135
29554
440453
671667
487384
742012
533160
2791
146478
28844
857831
232548
863164
178989
540229
951195
950899
443891
861904
754902
236016
435695
657287
7132
577570
278602
456809
862577
565881
119214
180008
807395
303999
431903
415313
814816
287716
217035
466961
716051
944727
358580
813400
298829
498648
664986
53570
410542
635854
318027
984858
536906
829868
823338
531889
505214
774205
243317
115053
179050
719814
645598
879352
39078
384194
657507
868346
846508
138775
176003
237650
712222
622287
514355
568856
381822
355131
562223
779144
307748
440011
389641
918482
679484
430510
389177
742993
17563
546368
790033
119441
167120
501282
349686
108857
879594
180608
796815
645339
17802
732860
724173
530099
860451
621671
587553
527598
128740
984366
359507
911595
806402
409515
647241
60537
583699
885773
506805
363414
205518
829280
448894
465024
727691
930431
833731
568096
630001
757969
934424
528
252792
696963
280986
387860
542310
459307
674940
249320
182577
601297
920032
586087
158053
703248
429101
154918
212494
912506
495303
835519
270990
673031
459954
514285
894687
118488
727879
519807
119888
963336
194850
769957
161598
767437
458031
737296
591078
784685
503352
958867
520420
183242
114264
791219
667118
606761
65157
4147
544232
299987
779422
253087
346177
46803
452821
58696
999321
453885
236919
694867
818173
478474
112060
987856
773769
98169
785020
484900
192207
534121
882756
335363
744523
109049
773266
239389
701654
324139
612118
250023
327553
776544
138632
176144
252512
347487
823041
455353
507494
243458
699565
983158
282666
513424
182366
443095
122498
755595
803286
397719
767234
294017
204801
765310
358095
436625
85353
978135
829859
686147
947345
696165
671135
266332
702500
847069
99319
828794
554899
785765
744137
334967
668153
850388
23137
280784
338467
781162
620885
362520
852088
106687
374533
771275
107746
738453
647611
543784
74903
795547
613487
510775
650212
228793
267863
16531
900990
785982
305701
251708
319210
826473
481803
198025
764609
461704
368263
682146
324545
620369
765555
914196
541799
190276
701329
928568
832781
347155
690908
621496
130221
731145
347248
211834
619784
910972
874641
767029
344216
487036
623327
889736
518662
840440
452356
589673
394075
178155
404764
30347
997763
716649
247380
255479
447775
495585
716622
496869
722764
202477
826731
844189
182904
803348
786134
683370
466655
718933
766146
796106
350078
460651
831454
379215
34567
252160
457318
524943
172696
240048
138085
329873
177477
335003
759142
644482
301520
876497
565148
185995
297243
712507
741594
116179
177134
927068
733360
26759
953767
130901
269795
336543
542906
79867
367992
340821
350998
250046
864942
276924
668669
100520
195248
2244
801612
99161
78421
629209
455529
832325
632756
297131
724744
975617
242450
150593
655602
832472
121171
554146
597632
828782
917027
942307
243124
75982
480159
631192
360248
907001
780085
696886
738800
99257
382716
888332
666263
134321
472287
617167
544487
531849
391104
428142
57910
744842
901364
918414
835308
268202
22248
581194
380764
931300
740520
103178
775067
524096
189337
101224
126909
706580
156876
559046
634915
667664
278780
578291
784971
597911
716823
694853
38157
926656
722217
324910
378772
823788
282757
258251
862633
600473
571510
931662
569413
709268
162732
291337
764887
55384
134386
268677
760119
181649
207302
929128
301668
407383
23006
349384
564223
783304
720042
66781
959385
546093
497585
587446
902465
87513
673098
355043
632448
594825
531228
825086
577107
232087
820157
883714
641180
953585
831359
475319
479147
151794
569562
79510
947211
744050
751101
919243
977552
24836
427144
431604
750396
137061
843241
979783
964880
530485
834486
809532
318771
370198
669044
691751
604564
921382
502397
29924
825592
514136
37135
479803
925110
554067
221437
965255
149674
154262
171407
766693
878655
883329
674118
761388
854027
478751
53539
191673
360431
945071
589429
344971
996940
25158
422235
2865
470439
162616
187441
723075
356710
513876
616530
941033
815436
666995
229648
856150
31293
945470
473509
426023
41582
685139
154711
628568
932222
416501
300494
228715
700568
985770
346103
87639
755132
194763
312451
204062
807321
663166
471677
259459
553267
238692
96698
385389
365592
362009
774462
532582
713169
383101
800188
439876
667841
99579
22498
276498
409943
8010
158237
627682
375245
706984
69275
722935
855880
89022
464154
203264
2421
409762
207106
644169
836777
539447
879939
508788
377555
652794
967156
404552
379999
707926
456981
219989
254764
217460
741815
296136
155677
882971
963281
458145
397131
704862
572858
556238
953835
58249
427740
133045
254759
803530
634013
458627
358284
329226
986860
282705
79954
989472
961176
850259
523683
535871
285945
896109
819075
447556
717734
42797
330841
323648
373871
777199
455837
792411
714281
793356
333402
973542
10697
560055
312173
103114
659289
575995
560644
897017
64264
901033
937630
616303
504300
512132
844362
539324
124936
393665
791465
735422
388930
372857
151870
665625
526635
530220
635464
684979
226476
994069
100849
442178
300888
46863
190872
465677
197014
39261
292226
383288
804822
955904
418882
229144
576030
775993
760384
806860
103859
632924
306416
928721
678207
694884
717454
376140
239498
94093
317717
651580
311714
764428
478928
907885
214442
936856
943057
995345
271884
677061
955699
246772
723111
603293
463296
77520
649704
286606
818071
440936
352832
180086
417668
686069
593537
470458
587607
886152
95360
535181
897392
213089
868547
104182
154638
769153
916068
182150
253681
525313
345241
6837
735475
898489
991202
724676
68690
746644
460446
70232
420868
883817
362634
146863
247697
94246
997336
513013
788615
838437
735093
872964
271348
955785
477728
894879
771303
466055
721190
645634
766604
432489
609742
600778
627034
242325
109825
283199
138207
239541
851427
674359
719625
155032
210529
95082
113682
57159
739118
787046
313730
827326
36372
125624
445220
181873
555764
466340
625215
564151
633178
537600
197954
927940
731541
301690
63661
736860
415524
995866
290638
896604
380699
27707
260371
875034
924854
950154
584208
60560
373872
54274
862331
518226
568998
842049
42749
667924
708658
957256
404529
868671
978768
488148
136268
180216
957001
393887
257521
542526
230387
354579
315899
304450
199559
73847
788285
632515
417080
905017
100971
882519
96074
325265
982306
55186
204582
958542
218906
94121
145884
773465
868530
547571
390386
293446
540711
697545
382593
26531
663113
259754
218158
686663
790843
311290
797151
805234
348379
678518
884393
588815
252273
447652
554252
348601
370827
105236
639456
312380
30973
253770
878210
304020
949168
862896
737006
107622
573941
430060
960431
746383
248400
767123
576794
730565
43557
531746
697918
398446
969751
727777
481591
945961
994135
498752
650942
746893
698748
578742
455514
125072
155405
363033
102100
796682
367733
295412
203339
372667
308090
542612
246025
648055
214734
433587
49907
485507
45015
686674
439307
794621
863294
519379
698350
746995
250802
825701
533103
849070
76062
376271
672642
252684
554726
575207
483671
853420
932946
549669
264956
668575
956739
427479
422239
436245
863118
174642
831838
526888
261296
290536
546560
335892
893085
659074
967158
625807
251150
374567
185534
35506
503308
699684
351286
956474
711034
896683
20776
805830
829219
473496
925759
314300
377406
150153
700129
583088
503
879002
59337
652896
818026
247407
763573
898914
834442
289497
758087
36306
688622
242705
459123
704145
41733
395964
961532
764566
78406
738437
809275
124411
238568
104647
664945
514281
510340
168676
165111
981066
455752
164313
608962
694856
576790
778
748050
343545
121420
315082
552321
158791
82286
294295
238363
158997
644294
211161
319245
953085
522083
226408
661412
174237
983413
991815
889486
930778
999696
368194
735054
165385
778290
967602
723091
91756
706887
944389
362353
123772
595068
991271
191409
359696
836024
339084
417879
905783
53318
919982
98069
559484
722150
21378
435523
150241
975791
602106
292099
663964
683352
131415
678352
44107
638629
373048
921157
345383
4797
204436
333974
612059
476579
978263
296669
359744
319402
954072
994516
777717
198943
652903
111695
944227
115817
317530
801311
71903
250568
84938
482900
242270
823331
808319
389179
571809
988797
589689
499566
88658
859152
453477
86354
411331
189001
417446
369057
958151
453333
76024
763319
234867
304139
561859
548263
31781
51124
427063
115600
150149
567365
89275
732236
692916
805275
992870
249965
177807
913182
754441
692326
198953
474515
81148
244865
601014
978700
808183
458314
921854
927780
540500
87800
822231
957943
5285
76226
597680
659786
469589
333311
589210
883826
688038
471969
597373
488629
799884
839537
292070
137395
335011
910718
162749
560673
797225
2624
418815
614407
441400
629836
53032
321143
897423
741097
130991
295860
549763
227254
434428
979911
420142
226052
638228
579174
606271
525231
926498
3048
672406
372513
961947
208573
957467
583812
75832
125300
875078
37467
525384
798071
389154
85217
710055
583002
471114
440307
829571
960930
919251
631147
615305
981396
961701
590879
423442
699363
272438
55318
590441
10652
697511
115920
10421
282431
156728
328099
770707
598953
9531
315702
602545
389849
85911
519441
461605
164765
183245
975806
524441
908058
183120
607309
839413
785869
494956
126784
877250
24776
945441
949652
186095
430147
41189
359638
385647
798384
8177
376892
499532
699110
374551
629855
624703
899143
806343
152286
509779
639558
323258
103459
815291
408223
143753
329633
5907
725613
944569
540428
812475
174829
700208
70386
842154
643264
743707
541768
31707
993660
823779
556373
615479
197524
365151
805794
225674
78413
932284
879170
330432
276397
346341
992108
575414
973236
342778
663858
589285
546730
653612
230131
887105
649048
419849
453263
580640
300716
959142
455489
354511
481693
583442
678004
417558
839830
793262
232096
835661
855698
610630
116660
403815
697213
467113
263694
819420
99829
916349
906214
724540
632852
265524
540025
669281
509616
437075
372289
763475
68742
456491
198157
800157
107207
555799
864544
894138
717243
646280
69712
526134
774588
981366
61836
559840
809100
278079
813718
735410
265888
912267
614387
7448
539793
450459
179789
241285
304111
77894
665842
853468
963213
884529
220906
9703
717306
173935
484046
923898
126448
987648
890014
122090
970977
786783
422063
679717
34180
821371
970139
93084
535754
80260
949597
369221
413730
430675
442158
252490
299710
188111
727129
31941
651660
104904
45447
408203
331890
43623
453551
164913
417249
766379
947746
926276
982082
766996
590131
51165
683924
193430
417230
639306
954231
562622
867773
733393
99629
65149
26626
169196
194612
693084
590128
69290
20258
648632
585240
473065
194988
536991
304514
204553
512125
873952
567196
740808
667052
216246
206670
437984
734983
194371
328337
174682
354971
320049
751689
115772
401271
794077
607771
587976
879043
660532
584799
285872
286574
434543
592478
767148
113216
773085
93206
926421
895643
639483
843571
447913
465726
477983
5156
988160
33450
121812
461223
538085
17286
328247
946755
394922
906017
361965
942662
268875
289302
267605
359342
372863
552992
301282
865170
790933
563508
144473
999057
552376
135616
599755
35917
807814
882284
656841
85267
224687
998404
55856
463516
520996
769953
462939
332335
40111
617244
380349
657384
763356
29527
119745
289241
215833
468223
275341
821203
639778
321667
896918
799664
26108
546382
655177
280690
891341
214231
709498
844900
378878
255203
107582
357312
424805
798568
255273
775718
5418
802989
952883
829943
616078
741209
608929
234684
126348
881384
262351
909603
792744
105878
975844
916071
920772
737609
882576
837409
703182
456228
7744
400181
119614
469000
962225
38326
4413
996346
603649
61995
287532
690179
335580
137207
399455
442131
643082
606863
333774
421950
874478
84442
77834
403667
146286
651084
720102
655157
798565
172155
968813
237413
65741
964764
662333
885921
190161
586763
144792
542790
272145
539060
351132
803040
545945
85403
288700
738873
635036
6626
745742
631636
703711
424138
368821
916657
888620
510092
244700
683728
517933
256557
276299
598856
435193
431810
648726
601668
41285
442596
319766
733346
366860
461263
529544
49672
559242
691866
992222
867244
167089
360093
127857
719698
104454
648369
367522
197116
674855
829438
567380
237081
325344
201260
548988
768051
676469
329109
161609
969312
472423
989123
524719
578627
324296
231083
747781
62852
409937
121498
527686
249722
244675
880327
616373
573497
456182
406114
325641
475794
818501
997102
122355
718179
856454
987245
417863
240507
25360
51286
60307
888146
249460
431267
340143
481218
900523
88387
978871
908136
977543
516926
881667
531095
443717
297011
807710
555804
225386
735727
656250
681545
742231
13669
855673
135360
54692
12700
97565
161935
430751
93897
327424
898537
75503
170195
977534
357404
596785
188271
309248
764945
964431
493491
730908
782515
436233
346609
300176
921686
155423
99635
389156
241369
48912
409849
460404
176861
141037
774862
751612
721051
568324
102286
972077
545779
425106
117998
973627
609349
617523
353122
227821
665907
97099
779164
700801
822110
7312
296819
357601
177352
578991
379596
978658
304547
557638
950416
201795
301184
358998
200759
885623
403961
761829
450376
292858
479165
314876
545990
467224
249968
995635
415898
731919
306302
499794
446265
678067
854377
849405
67696
2942
165912
533757
773775
43894
808155
357807
815842
930527
596667
501148
337726
21297
318930
157928
111177
110789
615805
375494
12829
603131
490001
338032
940310
349321
754186
672985
893703
944543
793568
724021
962154
294558
392490
665385
126654
464979
778049
606465
473132
343005
711781
369865
522036
453644
841695
962628
901771
75652
160789
341811
714337
23084
650177
985026
425769
720404
296551
756529
107737
567323
96132
358044
899761
867256
483685
399881
793051
43896
229046
899224
439226
400146
924155
37917
767161
469892
358199
878178
58375
230476
565354
987280
146908
966560
107270
404347
680485
543328
85744
972340
763952
665790
392547
22578
423648
886231
624390
401333
571249
519275
285041
601299
379561
764622
450362
677228
230566
857787
253032
630033
448450
210680
25744
598973
399730
454591
753091
533009
281896
919827
925208
270411
624146
769577
127668
19121
951985
56182
770001
112171
205004
846080
879018
658886
693061
894471
68233
246568
862869
814236
102221
3928
390087
723698
789255
946267
56119
83853
942488
565573
408859
339263
277282
296065
243573
936400
78618
994687
533389
431535
369760
462839
958980
994228
483969
843838
459720
111798
415392
701975
862293
171460
340091
374465
652454
570958
365357
625058
289824
128446
937433
616002
458409
349558
416080
438574
669799
451803
817585
166962
326247
712545
197670
159154
262079
916921
916522
335700
590931
383551
749300
555118
404118
936129
677471
179931
500188
187052
839376
153885
552109
643716
637951
7712
901633
792353
367437
103509
64219
563654
423651
636931
454893
153226
291828
490404
587891
965544
817
25879
547822
30637
256659
808428
753460
478913
360959
45502
153192
804242
873510
670489
737722
330533
274729
840664
384061
919017
146620
850878
909641
816943
522394
723893
835423
235415
40751
430560
11576
122347
317097
747439
173168
726068
349329
662426
527973
232363
492553
204980
915332
603096
402320
215089
131747
116404
997667
787623
912392
544435
608292
299643
386387
909343
954805
399896
670002
788595
936024
324978
921264
561784
783451
500116
177390
582820
15571
853990
93265
848507
898078
461059
234668
78967
495338
46440
12404
495098
655688
342464
609918
932365
369601
171164
526675
406854
91743
142510
115507
784364
940274
992068
807355
702335
681365
606486
114080
271735
702094
640826
401110
539448
368504
901882
552544
93910
66772
508241
215224
252278
230083
113575
342062
968109
79846
966045
604229
444023
325435
642730
946546
25615
828559
719218
116745
920307
583832
809077
74146
204172
940112
842725
882490
200332
470516
256189
710676
459725
294116
4411
121919
404397
364683
477808
626811
772518
390259
246053
752148
814386
515399
875804
871564
225957
809678
931943
539336
345674
587769
947730
917260
13100
285085
242913
513680
580396
586212
821584
988663
459223
91982
408370
708063
707487
972765
615464
933304
237630
115441
868912
752027
784764
94536
558994
751171
911951
42920
74785
2832
95435
332306
118504
752475
2473
667654
277630
537327
613963
44513
306459
979104
844711
432148
700648
802017
384625
77219
64952
456613
581510
509697
630494
421814
298437
23673
535265
745398
137019
98088
869711
177442
612174
162558
410271
860065
195
72145
953152
911279
158799
256355
462605
345368
292556
279403
196588
312649
62245
300995
912912
738992
814498
731706
428948
465752
18086
249715
73870
186554
384056
396616
235892
264782
825448
643485
509587
773711
333641
938041
542035
122596
84905
558771
523124
739305
711659
663529
976889
240908
789151
303647
662708
255513
303570
860006
161160
851089
183744
160753
185123
366268
301333
472760
175937
132001
157862
685393
865172
523025
677236
502785
824571
317816
686868
33221
406242
12338
436304
746106
237301
390562
385485
387796
652389
562835
526494
532378
233957
234189
474063
236312
926747
850959
140720
944156
865659
92424
974469
307566
803854
729553
271215
243945
949806
80312
378419
299281
651786
830741
675746
366170
401742
482993
705777
822499
978392
562939
718176
61863
646421
534601
570450
948923
42772
235927
871615
76986
853006
937017
182861
343726
207777
346730
57874
933859
560724
304645
208814
747718
304991
458660
93396
161865
99709
745996
297887
163154
630426
144617
198836
59314
166787
376843
497383
736017
475340
643286
300736
406667
313286
220671
327272
652449
82594
460320
166451
461835
943532
471469
36318
116645
605677
405770
391644
919443
644105
930157
922745
259279
461600
248233
375777
198533
595110
292703
200443
438747
76625
575428
449375
971329
463894
917157
144058
572933
103109
661231
976240
648329
567500
149454
595685
656201
853167
850496
771239
776344
151099
959580
500772
715414
77582
587102
164041
511005
621091
483605
772641
748212
970133
154893
44908
625974
369296
493440
670352
811389
955747
988411
97920
373538
156205
692637
633345
339687
50860
625996
329852
764057
799320
274759
39007
958348
232629
110343
459585
371130
947527
10736
269604
527476
829396
325200
912538
402035
309832
571233
824160
558301
809047
363098
95089
635746
215439
135949
980115
760167
108994
194498
99577
532766
889673
964327
596894
926489
889409
968461
642768
717837
27010
623073
588039
345898
90321
930572
165075
115285
958848
196347
994221
452171
378221
945176
553121
100838
505944
941168
437248
876464
57580
793062
522982
95833
274956
901794
266732
808156
774056
710506
976284
166291
629663
149391
154364
877263
488881
938758
502659
185777
90042
789830
141096
73911
85610
9658
209093
571936
555657
992757
88343
417994
944534
463505
420172
741304
709205
36698
608802
782185
811517
851868
444281
576310
391427
590793
336665
78959
350825
791134
737375
975580
878247
50188
47537
268417
518906
566532
939839
613130
365572
581208
213123
230603
322556
84078
596502
579091
725524
791942
360698
131330
888826
150447
582628
748472
771872
889400
102543
134874
831789
652463
602482
233194
128213
465597
764278
233709
206450
994190
303361
968289
52724
913449
818032
786857
211533
884990
918884
425910
163386
756981
161668
4995
314788
929345
736092
637338
377239
414669
333966
236453
197713
692066
502700
599950
526357
345403
368607
676230
758533
204228
379593
572420
85668
936531
779847
408716
433996
214142
943994
471709
496179
83766
371247
411410
480525
295335
968603
352159
307421
703274
848353
264494
687741
155890
233600
340013
654462
72283
535674
672349
642692
797627
619071
786143
955007
189330
226413
998783
81351
837
372686
307836
380713
227695
406992
314810
324809
567177
773124
690510
147781
218087
886241
772652
902882
369761
728946
145745
432054
417902
257531
844755
753757
466069
262324
969193
977644
264422
528157
21770
589994
266868
955438
796872
818947
395022
767044
134551
265696
262129
73497
565915
67951
802971
692898
984978
844206
52778
832861
134650
3481
500782
965465
586459
215179
348908
888145
200241
89987
550137
391587
947334
997240
414004
681662
474059
519548
483514
529036
943805
940618
46387
978171
745259
417060
426320
800568
361405
128168
487904
57906
688016
876907
995606
90943
260995
542795
61637
951820
270499
487249
926071
484464
426425
714858
707825
949497
956152
779977
650309
908121
378730
21137
54682
528107
918238
813702
730179
723807
749389
801025
424072
715118
932471
66867
909701
177124
683349
508876
155819
748178
294847
997005
19187
253282
194663
311289
186008
601692
285690
629869
992719
851700
391080
847735
451105
845372
512836
26569
294463
202964
989662
591871
285584
412452
371859
828102
646232
289560
258402
599285
338046
528820
718408
648770
501567
997517
843054
806922
662647
227559
827294
453687
909608
287175
26735
84026
150968
850730
587453
701099
312134
378533
574915
847584
424868
237531
416205
908339
906479
842611
908751
997837
372542
144105
470810
989871
759893
53922
762531
397386
26783
770254
268981
426419
831229
929577
278965
514828
354603
57554
719817
898094
315222
438586
740941
514277
730356
431969
693844
695055
851935
791873
330419
375402
401981
441012
262386
921282
283099
533156
912026
359953
691151
863383
986850
354651
586374
648006
109559
553973
835169
704362
860384
63450
68647
889721
920227
655948
403789
634135
393759
207980
992721
822321
860200
233397
342658
1884
753214
918114
857576
620856
592089
200412
636072
655156
425039
690394
666829
554215
839663
272165
695742
121773
805885
595701
65932
542627
124810
97647
324846
3043
367589
326731
859313
853696
726300
18963
542288
924053
242957
79415
214394
723999
690099
387706
707018
961574
759621
158648
147978
45338
991926
573651
737050
805463
252503
937100
857954
944357
348788
570713
68305
808141
673070
600857
666354
116548
43749
155544
460491
898177
463877
161516
254156
197633
750097
619709
584028
944414
912049
372021
934834
52439
539937
789002
161506
658226
782503
193411
311614
908802
895625
356255
96078
201548
771532
19137
232784
407411
876409
874312
332254
945210
913007
678604
599173
310762
650965
544225
182019
940322
627026
739692
287598
138870
96563
455025
561516
113697
613024
603516
882566
114560
446090
262304
780736
216060
657824
278609
841352
6290
142362
410853
817870
336060
549011
615292
2855
622184
387833
93947
127056
567549
735876
453780
840967
281944
815257
44047
196366
227508
202292
325759
965473
444039
989226
639109
585049
78148
642847
636070
212631
653965
333414
953601
636658
840820
898018
169534
809043
55487
537796
108893
217727
735789
481917
361246
54463
943183
41304
127504
766822
732275
923063
482026
16289
975823
457519
179425
366381
164519
965052
552849
769145
425650
271081
930472
725420
405811
608146
279455
814964
912336
897228
961722
979697
567490
671823
108796
433934
496557
839400
306758
451266
265329
149094
36658
2319
645866
923339
202867
663288
266786
576630
761606
447219
743177
837606
194662
919691
172473
765145
401260
925467
499885
328291
13331
234762
763830
104638
175895
976322
105150
298630
77535
884080
332364
366704
45602
965981
11047
793525
996304
584757
252513
282877
738954
301450
460045
704138
33280
746896
226423
2181
990319
770080
955697
676324
916083
876486
345105
137440
837095
693591
987298
644754
320606
205938
668665
995137
320893
154930
473961
321058
763972
118960
756430
35468
812038
284074
550532
243789
888768
441590
324186
809955
931721
586022
612545
970157
459600
504729
850523
81826
774671
285840
220538
398328
712676
560841
701571
258726
719010
42666
203771
330778
617631
473160
979565
756796
224913
764490
859943
397932
883509
356003
602068
522219
390225
359646
590376
713460
474299
42752
43658
210534
220253
183405
281453
613868
506803
757613
296673
819071
65711
798201
486271
472048
501298
10272
511882
868927
711228
340579
389164
672239
375193
18274
181208
217474
846071
272050
864091
243600
705305
172730
346419
897207
768422
206172
363949
560535
12133
36000
353380
297182
33698
499004
603747
919645
561828
341830
448879
367380
285773
919678
40700
52354
869060
141224
973925
111510
773381
599092
628959
861923
190773
505654
956416
773991
481326
315775
127108
705614
716451
259649
151601
536153
925023
524386
191654
764889
319720
292380
570589
457987
824642
261780
897749
512474
693420
409238
746394
839270
948800
427802
294661
739807
423092
978566
733287
715620
368671
550239
820636
425594
264870
962785
589346
682
570058
364867
558744
243882
254293
428656
525704
542173
649693
665771
295163
934385
83469
562933
319054
43473
175584
476346
536200
993549
725277
788010
148811
490256
396825
374726
495599
98714
208654
446458
287292
49726
698404
29630
434742
609565
610128
498967
426622
555504
332860
677293
434261
371772
76761
265078
230931
396153
895589
387021
191528
589082
815387
315950
134189
771533
459953
181797
226837
197913
99323
655104
952078
968552
800611
586928
606568
499975
129360
404848
112147
12838
464264
232887
485644
280016
837206
523866
56709
873595
292168
633902
924858
60995
186332
471275
221933
802665
340212
584960
138323
10138
248009
104021
212560
320031
192775
908203
913638
746448
704265
983984
283533
675945
27570
166772
720419
362387
886242
6910
64194
834225
535478
186857
90579
685305
797878
29927
940646
79618
299052
455900
516760
706609
678220
892372
422500
343403
627634
307456
633312
871205
198670
174285
777469
415234
417512
653202
918824
415874
820925
867557
938733
660272
130776
783761
714497
72321
825714
276729
756116
382333
995760
478584
302609
276039
594606
646328
343362
493427
742958
360408
23409
916300
542928
438655
775233
455938
603853
556939
667096
172272
760728
377971
495216
836022
325137
716005
859876
274339
106852
89142
485112
3205
837198
983089
346728
674348
243126
11184
858620
437295
732707
281032
79656
349628
269407
566912
620429
371512
2437
681618
801335
311706
617190
130266
329293
4582
180224
865053
211541
540773
391853
665342
367661
558345
473239
62877
201296
89488
772127
389404
413801
516821
566002
515741
990051
910482
571333
429707
523984
577986
215878
694338
608622
60481
966855
220673
781897
633994
744294
407897
262135
934040
515936
978461
547572
953494
32788
19470
983978
455545
848843
497449
328745
318701
545313
134592
292182
531490
106926
191522
605969
248517
388881
136396
638983
627368
635022
584248
799741
409482
700642
376754
319068
535454
669943
160200
992024
311934
192041
397090
28414
332170
31349
54010
697053
897708
874448
649688
515118
837180
44043
520830
3845
450671
672371
865109
60109
310384
451275
637621
449907
251907
287590
740105
781441
493813
221008
16666
72700
633435
833122
562477
683167
176642
996585
921174
98161
59621
575673
942702
80022
72950
55724
768028
359665
614374
540812
16248
855843
649681
110380
176905
136140
141343
970640
562255
174740
531238
527089
441625
729840
753437
468611
16750
574229
796231
830111
445864
393981
1666
291095
688842
29038
426233
882648
790344
577746
512833
711625
305479
802227
261911
494517
542796
873754
476636
452378
694090
647883
436266
941152
316324
239798
463906
369302
672141
96662
73494
559425
351213
675597
66724
592394
992093
514933
597393
138595
60569
623584
864607
38973
582034
559010
138466
637958
570414
878305
67777
838782
464081
806645
954485
803142
726092
508805
954773
180111
770305
984120
378773
216120
156897
638393
403710
521604
973016
911658
625517
440799
485457
713175
973208
827735
943114
600597
354593
435437
475906
252384
974808
910744
545220
387472
305151
258298
422703
629121
741609
979733
635191
982481
385705
711291
122716
688412
407726
817145
458140
63269
538145
693502
520509
539687
503047
778246
798767
643281
46901
312761
151393
151478
348363
696416
612636
678485
82587
317980
840024
493642
100029
628076
838403
756862
735665
655846
871194
668913
830984
505573
549710
703724
318426
33839
502390
254846
846511
990943
178453
846628
736527
742756
733715
103684
737015
417487
721582
93172
10810
444638
350311
590767
302337
187524
683862
616345
462420
301015
892252
272013
548841
471640
241434
365315
308105
939398
734174
941000
615497
386899
276992
645281
942253
370163
659041
646772
611329
883684
129292
905958
279703
204690
954941
27481
374524
898237
964908
653661
446308
645370
250561
725411
82041
556157
169971
296502
157665
87567
797448
278497
76311
507611
191626
237885
552790
467431
622726
796573
825715
172496
185575
587063
998829
231360
388827
27791
189331
566875
973094
57829
313530
30446
633832
101257
54970
113135
106618
211029
171727
806334
931692
621351
886478
977891
979068
958412
339661
122702
665345
954897
55538
634468
670573
907378
990583
950359
308810
341953
745305
565933
707556
103534
727532
162091
291235
632388
536600
165011
491331
392403
929919
156318
72142
179196
694085
80707
97753
419998
246476
937908
830380
745825
487986
963558
990682
809200
52700
817784
797940
630345
717151
713799
546456
712945
657262
510397
180590
231854
773953
56193
35643
284355
255246
163762
780599
241810
484747
646980
782628
978243
928640
963135
969448
413175
299232
697408
17545
698776
705242
877576
142590
338855
237977
763713
144145
102277
762056
331070
392439
28867
784563
681377
817747
980130
524762
661962
60886
337451
477882
881422
158483
377314
744827
13330
77781
231584
434400
702674
662622
698538
611932
530024
433434
855113
940691
407749
711372
20276
746960
673387
784601
405468
101264
553474
557597
65136
961785
942165
439036
35338
588081
370449
154643
306454
91597
881158
841606
405256
695808
17032
69978
371361
178607
811435
994684
36627
899138
165472
231201
118927
862044
390286
939015
389446
45021
905688
564282
149369
98381
716974
764820
927639
559119
909747
891711
149963
993846
905131
467693
1474
893000
50581
945433
35564
931319
218655
551700
490305
468529
230517
156
861677
857906
801308
499633
404511
388482
883365
664869
571509
547481
297468
424734
176545
590316
960250
571460
853
234598
972856
160932
214057
155832
8747
544528
752365
382556
439218
911462
301251
118675
725573
354765
214952
453836
664990
248827
475679
20079
556528
131190
604209
948564
262620
792298
510195
333961
836031
526872
55146
185602
982850
897676
957054
520429
295575
691992
188182
411886
831802
325884
911059
646141
510711
144460
771807
123309
943108
739690
649487
292817
714974
310434
689578
103139
814918
924136
818750
271016
48334
256455
356260
619892
992231
902829
890787
535954
917384
28361
255061
439337
567412
400358
749114
843086
933705
400985
99026
463872
208664
920146
662538
159994
612882
142177
698534
190967
902534
323864
722343
751520
678034
696436
147960
589093
13603
460420
733113
941171
894375
586863
242182
303796
673984
491471
754699
56547
396218
975088
974241
497602
71132
194412
243996
432611
922042
956754
445036
300926
351996
674794
830304
347367
361871
60396
559195
991796
524617
157676
443687
18984
882997
852348
411642
216083
655114
450457
570119
340053
466752
618691
410962
57345
454929
812760
239591
304375
557553
841091
15708
194876
831027
291052
986312
342974
187946
560909
908873
570582
40241
180860
13735
579508
593287
488128
129171
909300
803610
125759
964191
16578
829704
776804
259185
901037
49653
608655
477364
331161
383570
92104
783767
81494
271175
545030
821657
99781
398919
181540
471578
869030
595209
329338
348288
690894
635123
802702
582099
283592
194010
18002
54382
988616
775129
971447
952356
511810
724818
951105
883872
637143
541778
745145
681927
487355
687700
1654
871654
531319
753889
92841
695854
501547
554342
873050
162163
944838
518875
21090
744710
60810
755008
840942
880932
509650
896292
479600
854352
10071
480470
350648
903324
702250
67254
608521
489271
252747
859720
364591
194703
274920
750286
179983
533832
641597
236540
80778
735138
525951
232445
983846
478274
453739
634430
739450
894798
420416
63063
657090
13075
596787
121213
668092
770394
654433
687194
645293
301053
650264
590521
399024
1692
615127
428009
253033
228039
869141
486594
933702
133080
803536
775178
657203
332804
346007
46153
450582
965488
657730
361686
203351
521023
592960
850569
870892
79306
580011
737836
973000
967591
150694
319773
396566
531704
953113
319522
427371
691090
864504
140454
481332
318799
520478
448495
27273
19989
774023
33846
898440
196787
642597
111185
731457
559922
822361
10019
669462
975027
192586
466981
742870
479680
350461
774483
557595
517648
275425
666948
271315
126702
587806
362586
403768
683520
186975
714351
806298
397853
716271
530913
226666
634050
440569
162033
369821
634471
82567
924859
668910
345704
391873
737039
639203
587237
48327
8334
129926
201688
81372
777474
181485
897754
434894
185104
398021
9023
81464
625383
40056
834500
735734
467403
809152
85998
31566
192294
429275
40599
422074
459714
159161
351605
907425
181449
829009
368142
667801
137782
162670
490713
915723
659315
760799
986998
610211
724237
99088
308208
273026
100466
968942
452068
469951
505073
83648
215122
846472
660017
545540
944459
946732
782555
472751
436433
55257
884547
942762
692173
164092
634525
246947
269086
838854
136558
539696
303659
705768
697902
463839
167933
64898
174525
319413
739661
883510
37830
102171
304618
363434
91708
638647
825103
531983
738658
252011
874132
121963
453971
455992
169745
800946
875632
257807
664717
191432
508259
787
571988
964140
591747
596794
136466
471296
332391
677538
409700
417752
141272
103966
910943
292558
480400
755425
692951
697300
678938
363585
544541
556810
550633
598321
16968
792199
778153
549273
816845
757083
993180
614358
99173
682360
551974
217679
406727
202795
406685
902356
696340
147570
570659
304895
229527
229214
969852
171904
294972
144628
475484
962101
959066
379466
625756
505300
921499
602004
378448
212199
920531
676658
669136
220121
87932
395361
605136
489193
545148
440199
299847
836
786711
473199
294748
630475
359850
548158
664563
829865
677210
798213
161300
586072
903449
671837
647690
184878
301732
923938
423101
809937
454572
614997
679027
475400
236155
918496
440686
44252
858083
520328
315389
924519
50995
71412
179334
858097
485671
373922
335549
549039
252395
682833
931039
208886
349328
288114
972834
986027
387885
195948
775330
741042
897378
356622
577812
312224
966619
654749
72756
367047
975850
888560
161655
560910
755113
523823
913283
456270
423543
220697
648186
476358
96275
498733
851149
939719
26075
440353
712267
417691
468595
130243
359793
990302
971824
947450
422020
309694
191956
576529
990361
12070
576874
832698
991686
932310
53648
51220
25039
539311
224366
30053
585697
352036
610370
218267
32892
970594
82542
476246
865666
82432
634170
111227
987391
481087
275351
492182
334739
73017
187429
234832
890260
71226
808236
810575
7006
641766
120665
847040
90494
480223
506715
681062
463152
440213
202510
415332
577964
398067
952087
399635
619098
610728
337737
253101
403381
817823
447601
34141
871476
895437
447976
901438
428734
382688
63281
269737
510835
988800
232620
376801
452660
215981
180176
195758
782517
705080
239668
231662
202009
741834
604987
788890
801599
799035
647901
952899
124334
467587
391216
994736
240851
311417
637055
122189
197365
361099
599960
72332
323569
107375
566910
267149
604111
201737
700618
975646
45820
610159
230787
625552
850485
860682
996702
96205
856842
48110
959159
181688
50867
169485
507369
646802
719955
185864
120396
327265
606835
394363
510588
610297
351468
255248
11570
580349
739985
404428
555385
728633
43442
384758
636330
90568
473236
338812
913667
491521
834394
772245
695616
625224
28501
141435
366494
18370
306850
961740
761958
162186
459216
944646
972674
490793
383904
617112
219156
666998
308885
204865
872412
616718
635407
623921
343584
451153
829098
813397
872974
198177
557782
752668
274677
278248
228176
744548
784386
846373
800756
928714
398442
354266
530778
828910
184649
805952
752050
915194
945306
875090
167683
90114
324072
852692
612436
392908
841391
847070
758008
452029
617559
808007
173794
518880
67432
433175
529991
574307
936720
693164
801524
872377
812659
351912
363068
94018
894116
672393
578283
81021
659028
621524
388348
597787
880480
956328
47994
97759
