U2FsdGVkX18GIymy6xkIDMP53uE43rltjAiRc+JiaaiyQ2YVyg3VUj/H+u/N0uhB
vifeY0nm29nrCfX5jbu+8WJH+HqFzHBI64MinWw+N794iL85L144gHIFc8X+ZSLl
BOU1VSbZHgaL2Ri9+uZGKg==

#

U2FsdGVkX186wHgYkfnLewmrZPn7MBabZQGXTv59U0pbGw28lfr4kDpMnicANmq8
3DUHVdWyEOgP+Cl5MiqwxYpF+075iBM4cDFpEUugEf79su6KZ8F5TCdlESFkcOPm
d73ezpNXmVWrs0XaC4Odvg==

#

U2FsdGVkX1/6zyFruANASBfaIuud7N7CbjvhPvzSPrvffOVVkcMpB6gZhHvsDCRo
BQQh62ip/Or5wXwisn/hNNi1XT4pGxqHZxm/gCOCP2mqfzt8A+KXNL+BRAvpDWNU
Zd0cBB2mx2Ha2ZY8tWZI8A==

#

U2FsdGVkX1/IL1va8eE9QYngYP6uCiO5gOhs5WeCfFj3z4c4gAGZi1byJ9Tlcy7Q
U5mvT5698EIKC7bc5tbWfzKAWxLh4T9Up+vlSX25p6z1dxvxKDpnn0OWB/4auJ45
3OuLNg0sOyaWHOh7q/TlUw==

#

U2FsdGVkX18hUD506teuGJM3Yk+Lil0IqWZLfym+O51U+zjSFYw9tDgqP7xk9KIK
kGZg7UWQJJ+Ce0siRZcDBgJoQsrfEaCkZa6IIUbsJfmR/3xLGQzPDbmsxJAiy8v6
0PdrliyzVR64CKZ+SRl5rQ==

#

U2FsdGVkX1+Bw4yLRsCtzzKehazy7FCepbnBTvIU3BI7E3IsC/MQAUQOPgoJ8dCd
zpr+xvzHO8xSh2ftaCBfskPoUOidZ7aXNMdtyMR6cMDZP6Wv0Un8GirZzaOIwL2l
0DobzhCloAOcvhuHhyWs1A==

#

U2FsdGVkX1/gF2+GxoT17lYrWxbgS32zsANS5cAGmQ+BLLEu3HnZoPAFpDYhaFOk
LndLhy5jGhQ9Ta2MxasPg5bG9eaUGRn1czvg+wl4hIOACQ+Px5hJ0R4J5EDmAp9S
KbJ4FliSXaBj9sr59iSQIA==

#

U2FsdGVkX1+6rz2ofOn33wV5ZwhN8I0bntRvjYm6XIzmP/+TnnV2ozQSv+yJ05xn
hykuTYf+WyXAaRrn+KDRd1U55/0Etr31SlzPfXot96LGyFN4ixN0ohRc5jqhzweG
A8R66AppkDsQMHoHVOBAaQ==

#

U2FsdGVkX18knI8yWBW7OWuLeHBD3p44oH7rPCweQIyf8nIVLnZ7yrqm19Jni69v
Sa6hApNtbApsyZTPOezL3v5v++LpcEbVQjiEBKNbVli+uvlxnC4ktqWswJSLrYXL
SEOlEPHS2S0jr9z4+onG4Q==

#

U2FsdGVkX1+whBmryjA+QliyNC+/3DAQrWI1wm8040JwqyP0Z/CW3TDw5wMUGZes
xf/5VwK7krg29Kr1kE+1vJ12RvaEC4Smq/IWX+DIyvvw0JIHqoIPcZck42lUCi7G
Ie7cWNKjEJMQ3hc1xtvACQ==

#

U2FsdGVkX1+bGTl51dI2y+IvihCc+P9lrI18RL+NFo+9vmuOZTRG6cr/I4YnMPNS
dDVI8zmcTW89P1o2ZEoNQVf8gkh8TM4rM6LXNR3S+b6+Z/rHgC6XbXlq53s0CnKm
Nl50DQwW2y7iWg8TIJkzVg==

#

